# JRE version: OpenJDK Runtime Environment Temurin-17.0.12+7 (17.0.12+7) (build 17.0.12+7)
# Java VM: OpenJDK 64-Bit Server VM Temurin-17.0.12+7 (17.0.12+7, mixed mode, tiered, compressed oops, compressed class ptrs, parallel gc, windows-amd64)
GC Precious Log:
 CPUs: 4 total, 4 available
 Memory: 10163M
 Large Page Support: Disabled
 NUMA Support: Disabled
 Compressed Oops: Enabled (32-bit)
 Alignments: Space 512K, Generation 512K, Heap 2M
 Heap Min Capacity: 100M
 Heap Initial Capacity: 100M
 Heap Max Capacity: 1G
 Pre-touch: Disabled
 Parallel Workers: 4
Heap:
 PSYoungGen      total 6144K, used 1054K [0x00000000eab00000, 0x00000000eb280000, 0x0000000100000000)
  eden space 5632K, 10% used [0x00000000eab00000,0x00000000eab8e918,0x00000000eb080000)
  from space 512K, 94% used [0x00000000eb080000,0x00000000eb0f9230,0x00000000eb100000)
  to   space 1024K, 0% used [0x00000000eb180000,0x00000000eb180000,0x00000000eb280000)
 ParOldGen       total 413184K, used 359272K [0x00000000c0000000, 0x00000000d9380000, 0x00000000eab00000)
  object space 413184K, 86% used [0x00000000c0000000,0x00000000d5eda2d0,0x00000000d9380000)
 Metaspace       used 94685K, committed 96000K, reserved 1179648K
  class space    used 9445K, committed 10048K, reserved 1048576K
GC Heap History (20 events):
Event: 1948.404 GC heap before
{Heap before GC invocations=2631 (full 77):
 PSYoungGen      total 7168K, used 7121K [0x00000000eab00000, 0x00000000eb480000, 0x0000000100000000)
  eden space 6144K, 99% used [0x00000000eab00000,0x00000000eb0ffff8,0x00000000eb100000)
  from space 1024K, 95% used [0x00000000eb200000,0x00000000eb2f4740,0x00000000eb300000)
  to   space 1536K, 0% used [0x00000000eb300000,0x00000000eb300000,0x00000000eb480000)
 ParOldGen       total 413184K, used 354113K [0x00000000c0000000, 0x00000000d9380000, 0x00000000eab00000)
  object space 413184K, 85% used [0x00000000c0000000,0x00000000d59d04e0,0x00000000d9380000)
 Metaspace       used 94664K, committed 96000K, reserved 1179648K
  class space    used 9445K, committed 10048K, reserved 1048576K
}
Event: 1948.406 GC heap after
{Heap after GC invocations=2631 (full 77):
 PSYoungGen      total 6656K, used 128K [0x00000000eab00000, 0x00000000eb380000, 0x0000000100000000)
  eden space 6144K, 0% used [0x00000000eab00000,0x00000000eab00000,0x00000000eb100000)
  from space 512K, 25% used [0x00000000eb300000,0x00000000eb320000,0x00000000eb380000)
  to   space 512K, 0% used [0x00000000eb280000,0x00000000eb280000,0x00000000eb300000)
 ParOldGen       total 413184K, used 354253K [0x00000000c0000000, 0x00000000d9380000, 0x00000000eab00000)
  object space 413184K, 85% used [0x00000000c0000000,0x00000000d59f34f0,0x00000000d9380000)
 Metaspace       used 94664K, committed 96000K, reserved 1179648K
  class space    used 9445K, committed 10048K, reserved 1048576K
}
Event: 1948.422 GC heap before
{Heap before GC invocations=2632 (full 77):
 PSYoungGen      total 6656K, used 6272K [0x00000000eab00000, 0x00000000eb380000, 0x0000000100000000)
  eden space 6144K, 100% used [0x00000000eab00000,0x00000000eb100000,0x00000000eb100000)
  from space 512K, 25% used [0x00000000eb300000,0x00000000eb320000,0x00000000eb380000)
  to   space 512K, 0% used [0x00000000eb280000,0x00000000eb280000,0x00000000eb300000)
 ParOldGen       total 413184K, used 354253K [0x00000000c0000000, 0x00000000d9380000, 0x00000000eab00000)
  object space 413184K, 85% used [0x00000000c0000000,0x00000000d59f34f0,0x00000000d9380000)
 Metaspace       used 94664K, committed 96000K, reserved 1179648K
  class space    used 9445K, committed 10048K, reserved 1048576K
}
Event: 1948.424 GC heap after
{Heap after GC invocations=2632 (full 77):
 PSYoungGen      total 6656K, used 500K [0x00000000eab00000, 0x00000000eb380000, 0x0000000100000000)
  eden space 6144K, 0% used [0x00000000eab00000,0x00000000eab00000,0x00000000eb100000)
  from space 512K, 97% used [0x00000000eb280000,0x00000000eb2fd220,0x00000000eb300000)
  to   space 512K, 0% used [0x00000000eb300000,0x00000000eb300000,0x00000000eb380000)
 ParOldGen       total 413184K, used 354469K [0x00000000c0000000, 0x00000000d9380000, 0x00000000eab00000)
  object space 413184K, 85% used [0x00000000c0000000,0x00000000d5a294f0,0x00000000d9380000)
 Metaspace       used 94664K, committed 96000K, reserved 1179648K
  class space    used 9445K, committed 10048K, reserved 1048576K
}
Event: 1948.450 GC heap before
{Heap before GC invocations=2633 (full 77):
 PSYoungGen      total 6656K, used 6644K [0x00000000eab00000, 0x00000000eb380000, 0x0000000100000000)
  eden space 6144K, 100% used [0x00000000eab00000,0x00000000eb100000,0x00000000eb100000)
  from space 512K, 97% used [0x00000000eb280000,0x00000000eb2fd220,0x00000000eb300000)
  to   space 512K, 0% used [0x00000000eb300000,0x00000000eb300000,0x00000000eb380000)
 ParOldGen       total 413184K, used 354469K [0x00000000c0000000, 0x00000000d9380000, 0x00000000eab00000)
  object space 413184K, 85% used [0x00000000c0000000,0x00000000d5a294f0,0x00000000d9380000)
 Metaspace       used 94666K, committed 96000K, reserved 1179648K
  class space    used 9445K, committed 10048K, reserved 1048576K
}
Event: 1948.453 GC heap after
{Heap after GC invocations=2633 (full 77):
 PSYoungGen      total 6656K, used 500K [0x00000000eab00000, 0x00000000eb400000, 0x0000000100000000)
  eden space 6144K, 0% used [0x00000000eab00000,0x00000000eab00000,0x00000000eb100000)
  from space 512K, 97% used [0x00000000eb300000,0x00000000eb37d200,0x00000000eb380000)
  to   space 1536K, 0% used [0x00000000eb100000,0x00000000eb100000,0x00000000eb280000)
 ParOldGen       total 413184K, used 355277K [0x00000000c0000000, 0x00000000d9380000, 0x00000000eab00000)
  object space 413184K, 85% used [0x00000000c0000000,0x00000000d5af3780,0x00000000d9380000)
 Metaspace       used 94666K, committed 96000K, reserved 1179648K
  class space    used 9445K, committed 10048K, reserved 1048576K
}
Event: 1948.481 GC heap before
{Heap before GC invocations=2634 (full 77):
 PSYoungGen      total 6656K, used 6644K [0x00000000eab00000, 0x00000000eb400000, 0x0000000100000000)
  eden space 6144K, 100% used [0x00000000eab00000,0x00000000eb100000,0x00000000eb100000)
  from space 512K, 97% used [0x00000000eb300000,0x00000000eb37d200,0x00000000eb380000)
  to   space 1536K, 0% used [0x00000000eb100000,0x00000000eb100000,0x00000000eb280000)
 ParOldGen       total 413184K, used 355277K [0x00000000c0000000, 0x00000000d9380000, 0x00000000eab00000)
  object space 413184K, 85% used [0x00000000c0000000,0x00000000d5af3780,0x00000000d9380000)
 Metaspace       used 94666K, committed 96000K, reserved 1179648K
  class space    used 9445K, committed 10048K, reserved 1048576K
}
Event: 1948.483 GC heap after
{Heap after GC invocations=2634 (full 77):
 PSYoungGen      total 7680K, used 980K [0x00000000eab00000, 0x00000000eb400000, 0x0000000100000000)
  eden space 6144K, 0% used [0x00000000eab00000,0x00000000eab00000,0x00000000eb100000)
  from space 1536K, 63% used [0x00000000eb100000,0x00000000eb1f5220,0x00000000eb280000)
  to   space 1536K, 0% used [0x00000000eb280000,0x00000000eb280000,0x00000000eb400000)
 ParOldGen       total 413184K, used 355766K [0x00000000c0000000, 0x00000000d9380000, 0x00000000eab00000)
  object space 413184K, 86% used [0x00000000c0000000,0x00000000d5b6d990,0x00000000d9380000)
 Metaspace       used 94666K, committed 96000K, reserved 1179648K
  class space    used 9445K, committed 10048K, reserved 1048576K
}
Event: 1948.700 GC heap before
{Heap before GC invocations=2635 (full 77):
 PSYoungGen      total 7680K, used 7124K [0x00000000eab00000, 0x00000000eb400000, 0x0000000100000000)
  eden space 6144K, 100% used [0x00000000eab00000,0x00000000eb100000,0x00000000eb100000)
  from space 1536K, 63% used [0x00000000eb100000,0x00000000eb1f5220,0x00000000eb280000)
  to   space 1536K, 0% used [0x00000000eb280000,0x00000000eb280000,0x00000000eb400000)
 ParOldGen       total 413184K, used 355766K [0x00000000c0000000, 0x00000000d9380000, 0x00000000eab00000)
  object space 413184K, 86% used [0x00000000c0000000,0x00000000d5b6d990,0x00000000d9380000)
 Metaspace       used 94666K, committed 96000K, reserved 1179648K
  class space    used 9445K, committed 10048K, reserved 1048576K
}
Event: 1948.702 GC heap after
{Heap after GC invocations=2635 (full 77):
 PSYoungGen      total 7168K, used 900K [0x00000000eab00000, 0x00000000eb380000, 0x0000000100000000)
  eden space 6144K, 0% used [0x00000000eab00000,0x00000000eab00000,0x00000000eb100000)
  from space 1024K, 87% used [0x00000000eb280000,0x00000000eb361230,0x00000000eb380000)
  to   space 1024K, 0% used [0x00000000eb180000,0x00000000eb180000,0x00000000eb280000)
 ParOldGen       total 413184K, used 356654K [0x00000000c0000000, 0x00000000d9380000, 0x00000000eab00000)
  object space 413184K, 86% used [0x00000000c0000000,0x00000000d5c4bbe0,0x00000000d9380000)
 Metaspace       used 94666K, committed 96000K, reserved 1179648K
  class space    used 9445K, committed 10048K, reserved 1048576K
}
Event: 1948.819 GC heap before
{Heap before GC invocations=2636 (full 77):
 PSYoungGen      total 7168K, used 7044K [0x00000000eab00000, 0x00000000eb380000, 0x0000000100000000)
  eden space 6144K, 99% used [0x00000000eab00000,0x00000000eb0ffff8,0x00000000eb100000)
  from space 1024K, 87% used [0x00000000eb280000,0x00000000eb361230,0x00000000eb380000)
  to   space 1024K, 0% used [0x00000000eb180000,0x00000000eb180000,0x00000000eb280000)
 ParOldGen       total 413184K, used 356654K [0x00000000c0000000, 0x00000000d9380000, 0x00000000eab00000)
  object space 413184K, 86% used [0x00000000c0000000,0x00000000d5c4bbe0,0x00000000d9380000)
 Metaspace       used 94668K, committed 96000K, reserved 1179648K
  class space    used 9445K, committed 10048K, reserved 1048576K
}
Event: 1948.821 GC heap after
{Heap after GC invocations=2636 (full 77):
 PSYoungGen      total 7168K, used 714K [0x00000000eab00000, 0x00000000eb300000, 0x0000000100000000)
  eden space 6144K, 0% used [0x00000000eab00000,0x00000000eab00000,0x00000000eb100000)
  from space 1024K, 69% used [0x00000000eb180000,0x00000000eb232910,0x00000000eb280000)
  to   space 512K, 0% used [0x00000000eb280000,0x00000000eb280000,0x00000000eb300000)
 ParOldGen       total 413184K, used 357491K [0x00000000c0000000, 0x00000000d9380000, 0x00000000eab00000)
  object space 413184K, 86% used [0x00000000c0000000,0x00000000d5d1ce40,0x00000000d9380000)
 Metaspace       used 94668K, committed 96000K, reserved 1179648K
  class space    used 9445K, committed 10048K, reserved 1048576K
}
Event: 1948.836 GC heap before
{Heap before GC invocations=2637 (full 77):
 PSYoungGen      total 7168K, used 6858K [0x00000000eab00000, 0x00000000eb300000, 0x0000000100000000)
  eden space 6144K, 100% used [0x00000000eab00000,0x00000000eb100000,0x00000000eb100000)
  from space 1024K, 69% used [0x00000000eb180000,0x00000000eb232910,0x00000000eb280000)
  to   space 512K, 0% used [0x00000000eb280000,0x00000000eb280000,0x00000000eb300000)
 ParOldGen       total 413184K, used 357491K [0x00000000c0000000, 0x00000000d9380000, 0x00000000eab00000)
  object space 413184K, 86% used [0x00000000c0000000,0x00000000d5d1ce40,0x00000000d9380000)
 Metaspace       used 94668K, committed 96000K, reserved 1179648K
  class space    used 9445K, committed 10048K, reserved 1048576K
}
Event: 1948.838 GC heap after
{Heap after GC invocations=2637 (full 77):
 PSYoungGen      total 6144K, used 506K [0x00000000eab00000, 0x00000000eb500000, 0x0000000100000000)
  eden space 5632K, 0% used [0x00000000eab00000,0x00000000eab00000,0x00000000eb080000)
  from space 512K, 98% used [0x00000000eb280000,0x00000000eb2fe900,0x00000000eb300000)
  to   space 2048K, 0% used [0x00000000eb080000,0x00000000eb080000,0x00000000eb280000)
 ParOldGen       total 413184K, used 358460K [0x00000000c0000000, 0x00000000d9380000, 0x00000000eab00000)
  object space 413184K, 86% used [0x00000000c0000000,0x00000000d5e0f0b0,0x00000000d9380000)
 Metaspace       used 94668K, committed 96000K, reserved 1179648K
  class space    used 9445K, committed 10048K, reserved 1048576K
}
Event: 1963.608 GC heap before
{Heap before GC invocations=2638 (full 77):
 PSYoungGen      total 6144K, used 6138K [0x00000000eab00000, 0x00000000eb500000, 0x0000000100000000)
  eden space 5632K, 99% used [0x00000000eab00000,0x00000000eb07fff8,0x00000000eb080000)
  from space 512K, 98% used [0x00000000eb280000,0x00000000eb2fe900,0x00000000eb300000)
  to   space 2048K, 0% used [0x00000000eb080000,0x00000000eb080000,0x00000000eb280000)
 ParOldGen       total 413184K, used 358460K [0x00000000c0000000, 0x00000000d9380000, 0x00000000eab00000)
  object space 413184K, 86% used [0x00000000c0000000,0x00000000d5e0f0b0,0x00000000d9380000)
 Metaspace       used 94669K, committed 96000K, reserved 1179648K
  class space    used 9445K, committed 10048K, reserved 1048576K
}
Event: 1963.609 GC heap after
{Heap after GC invocations=2638 (full 77):
 PSYoungGen      total 6144K, used 416K [0x00000000eab00000, 0x00000000eb300000, 0x0000000100000000)
  eden space 5632K, 0% used [0x00000000eab00000,0x00000000eab00000,0x00000000eb080000)
  from space 512K, 81% used [0x00000000eb080000,0x00000000eb0e8000,0x00000000eb100000)
  to   space 1024K, 0% used [0x00000000eb200000,0x00000000eb200000,0x00000000eb300000)
 ParOldGen       total 413184K, used 358960K [0x00000000c0000000, 0x00000000d9380000, 0x00000000eab00000)
  object space 413184K, 86% used [0x00000000c0000000,0x00000000d5e8c2d0,0x00000000d9380000)
 Metaspace       used 94669K, committed 96000K, reserved 1179648K
  class space    used 9445K, committed 10048K, reserved 1048576K
}
Event: 1986.882 GC heap before
{Heap before GC invocations=2639 (full 77):
 PSYoungGen      total 6144K, used 6037K [0x00000000eab00000, 0x00000000eb300000, 0x0000000100000000)
  eden space 5632K, 99% used [0x00000000eab00000,0x00000000eb07d788,0x00000000eb080000)
  from space 512K, 81% used [0x00000000eb080000,0x00000000eb0e8000,0x00000000eb100000)
  to   space 1024K, 0% used [0x00000000eb200000,0x00000000eb200000,0x00000000eb300000)
 ParOldGen       total 413184K, used 358960K [0x00000000c0000000, 0x00000000d9380000, 0x00000000eab00000)
  object space 413184K, 86% used [0x00000000c0000000,0x00000000d5e8c2d0,0x00000000d9380000)
 Metaspace       used 94675K, committed 96000K, reserved 1179648K
  class space    used 9445K, committed 10048K, reserved 1048576K
}
Event: 1986.883 GC heap after
{Heap after GC invocations=2639 (full 77):
 PSYoungGen      total 6144K, used 192K [0x00000000eab00000, 0x00000000eb280000, 0x0000000100000000)
  eden space 5632K, 0% used [0x00000000eab00000,0x00000000eab00000,0x00000000eb080000)
  from space 512K, 37% used [0x00000000eb200000,0x00000000eb230000,0x00000000eb280000)
  to   space 512K, 0% used [0x00000000eb080000,0x00000000eb080000,0x00000000eb100000)
 ParOldGen       total 413184K, used 359176K [0x00000000c0000000, 0x00000000d9380000, 0x00000000eab00000)
  object space 413184K, 86% used [0x00000000c0000000,0x00000000d5ec22d0,0x00000000d9380000)
 Metaspace       used 94675K, committed 96000K, reserved 1179648K
  class space    used 9445K, committed 10048K, reserved 1048576K
}
Event: 4628.602 GC heap before
{Heap before GC invocations=2640 (full 77):
 PSYoungGen      total 6144K, used 5824K [0x00000000eab00000, 0x00000000eb280000, 0x0000000100000000)
  eden space 5632K, 100% used [0x00000000eab00000,0x00000000eb080000,0x00000000eb080000)
  from space 512K, 37% used [0x00000000eb200000,0x00000000eb230000,0x00000000eb280000)
  to   space 512K, 0% used [0x00000000eb080000,0x00000000eb080000,0x00000000eb100000)
 ParOldGen       total 413184K, used 359176K [0x00000000c0000000, 0x00000000d9380000, 0x00000000eab00000)
  object space 413184K, 86% used [0x00000000c0000000,0x00000000d5ec22d0,0x00000000d9380000)
 Metaspace       used 94685K, committed 96000K, reserved 1179648K
  class space    used 9445K, committed 10048K, reserved 1048576K
}
Event: 4628.603 GC heap after
{Heap after GC invocations=2640 (full 77):
 PSYoungGen      total 6144K, used 484K [0x00000000eab00000, 0x00000000eb280000, 0x0000000100000000)
  eden space 5632K, 0% used [0x00000000eab00000,0x00000000eab00000,0x00000000eb080000)
  from space 512K, 94% used [0x00000000eb080000,0x00000000eb0f9230,0x00000000eb100000)
  to   space 1024K, 0% used [0x00000000eb180000,0x00000000eb180000,0x00000000eb280000)
 ParOldGen       total 413184K, used 359272K [0x00000000c0000000, 0x00000000d9380000, 0x00000000eab00000)
  object space 413184K, 86% used [0x00000000c0000000,0x00000000d5eda2d0,0x00000000d9380000)
 Metaspace       used 94685K, committed 96000K, reserved 1179648K
  class space    used 9445K, committed 10048K, reserved 1048576K
}

